<?xml version="1.0" encoding="UTF-8"?>
<coverage generated="1588995369736" clover="3.2.0">
  <project timestamp="1588995369736" name="All files">
    <metrics statements="43" coveredstatements="21" conditionals="6" coveredconditionals="1" methods="20" coveredmethods="7" elements="69" coveredelements="29" complexity="0" loc="43" ncloc="43" packages="1" files="5" classes="5"/>
    <file name="App.jsx" path="/Users/akshajmody/Documents/Hack Reactor SF COHORT 127 /etv-shipping/client/src/components/App.jsx">
      <metrics statements="30" coveredstatements="15" conditionals="2" coveredconditionals="0" methods="13" coveredmethods="4"/>
      <line num="8" count="3" type="stmt"/>
      <line num="9" count="3" type="stmt"/>
      <line num="15" count="3" type="stmt"/>
      <line num="16" count="3" type="stmt"/>
      <line num="17" count="3" type="stmt"/>
      <line num="18" count="3" type="stmt"/>
      <line num="19" count="3" type="stmt"/>
      <line num="20" count="3" type="stmt"/>
      <line num="24" count="3" type="stmt"/>
      <line num="28" count="0" type="stmt"/>
      <line num="32" count="3" type="stmt"/>
      <line num="38" count="0" type="stmt"/>
      <line num="41" count="3" type="stmt"/>
      <line num="42" count="0" type="stmt"/>
      <line num="47" count="3" type="stmt"/>
      <line num="48" count="0" type="stmt"/>
      <line num="54" count="3" type="stmt"/>
      <line num="55" count="0" type="stmt"/>
      <line num="56" count="0" type="stmt"/>
      <line num="61" count="3" type="stmt"/>
      <line num="62" count="0" type="stmt"/>
      <line num="63" count="0" type="stmt"/>
      <line num="69" count="0" type="stmt"/>
      <line num="70" count="0" type="cond" truecount="0" falsecount="2"/>
      <line num="71" count="0" type="stmt"/>
      <line num="73" count="0" type="stmt"/>
      <line num="74" count="0" type="stmt"/>
      <line num="81" count="3" type="stmt"/>
      <line num="87" count="0" type="stmt"/>
      <line num="92" count="0" type="stmt"/>
    </file>
    <file name="Carousel.jsx" path="/Users/akshajmody/Documents/Hack Reactor SF COHORT 127 /etv-shipping/client/src/components/Carousel.jsx">
      <metrics statements="4" coveredstatements="3" conditionals="0" coveredconditionals="0" methods="3" coveredmethods="2"/>
      <line num="6" count="1" type="stmt"/>
      <line num="7" count="1" type="stmt"/>
      <line num="11" count="1" type="stmt"/>
      <line num="15" count="0" type="stmt"/>
    </file>
    <file name="ModalOne.jsx" path="/Users/akshajmody/Documents/Hack Reactor SF COHORT 127 /etv-shipping/client/src/components/ModalOne.jsx">
      <metrics statements="3" coveredstatements="2" conditionals="2" coveredconditionals="1" methods="1" coveredmethods="1"/>
      <line num="7" count="2" type="cond" truecount="1" falsecount="1"/>
      <line num="8" count="2" type="stmt"/>
      <line num="10" count="0" type="stmt"/>
    </file>
    <file name="Recoms.jsx" path="/Users/akshajmody/Documents/Hack Reactor SF COHORT 127 /etv-shipping/client/src/components/Recoms.jsx">
      <metrics statements="2" coveredstatements="1" conditionals="0" coveredconditionals="0" methods="1" coveredmethods="0"/>
      <line num="3" count="3" type="stmt"/>
      <line num="4" count="0" type="stmt"/>
    </file>
    <file name="Zipcode.jsx" path="/Users/akshajmody/Documents/Hack Reactor SF COHORT 127 /etv-shipping/client/src/components/Zipcode.jsx">
      <metrics statements="4" coveredstatements="0" conditionals="2" coveredconditionals="0" methods="2" coveredmethods="0"/>
      <line num="6" count="0" type="cond" truecount="0" falsecount="2"/>
      <line num="7" count="0" type="stmt"/>
      <line num="9" count="0" type="stmt"/>
      <line num="10" count="0" type="stmt"/>
    </file>
  </project>
</coverage>
