<?xml version="1.0" encoding="UTF-8"?>
<coverage generated="1588915868789" clover="3.2.0">
  <project timestamp="1588915868789" name="All files">
    <metrics statements="28" coveredstatements="15" conditionals="4" coveredconditionals="1" methods="15" coveredmethods="5" elements="47" coveredelements="21" complexity="0" loc="28" ncloc="28" packages="1" files="3" classes="3"/>
    <file name="App.jsx" path="/Users/akshajmody/Documents/Hack Reactor SF COHORT 127 /etv-shipping/client/src/components/App.jsx">
      <metrics statements="20" coveredstatements="11" conditionals="0" coveredconditionals="0" methods="11" coveredmethods="4"/>
      <line num="7" count="2" type="stmt"/>
      <line num="8" count="2" type="stmt"/>
      <line num="13" count="2" type="stmt"/>
      <line num="14" count="2" type="stmt"/>
      <line num="15" count="2" type="stmt"/>
      <line num="16" count="2" type="stmt"/>
      <line num="20" count="2" type="stmt"/>
      <line num="24" count="0" type="stmt"/>
      <line num="28" count="2" type="stmt"/>
      <line num="34" count="0" type="stmt"/>
      <line num="37" count="2" type="stmt"/>
      <line num="38" count="0" type="stmt"/>
      <line num="43" count="2" type="stmt"/>
      <line num="44" count="0" type="stmt"/>
      <line num="50" count="0" type="stmt"/>
      <line num="51" count="0" type="stmt"/>
      <line num="52" count="0" type="stmt"/>
      <line num="59" count="2" type="stmt"/>
      <line num="64" count="0" type="stmt"/>
      <line num="71" count="0" type="stmt"/>
    </file>
    <file name="ModalOne.jsx" path="/Users/akshajmody/Documents/Hack Reactor SF COHORT 127 /etv-shipping/client/src/components/ModalOne.jsx">
      <metrics statements="6" coveredstatements="3" conditionals="4" coveredconditionals="1" methods="3" coveredmethods="1"/>
      <line num="6" count="1" type="stmt"/>
      <line num="7" count="0" type="cond" truecount="0" falsecount="2"/>
      <line num="10" count="1" type="cond" truecount="1" falsecount="1"/>
      <line num="11" count="1" type="stmt"/>
      <line num="13" count="0" type="stmt"/>
      <line num="29" count="0" type="stmt"/>
    </file>
    <file name="Recoms.jsx" path="/Users/akshajmody/Documents/Hack Reactor SF COHORT 127 /etv-shipping/client/src/components/Recoms.jsx">
      <metrics statements="2" coveredstatements="1" conditionals="0" coveredconditionals="0" methods="1" coveredmethods="0"/>
      <line num="3" count="1" type="stmt"/>
      <line num="4" count="0" type="stmt"/>
    </file>
  </project>
</coverage>
