TN:
SF:client/src/components/App.jsx
FN:6,(anonymous_0)
FN:18,(anonymous_1)
FN:22,(anonymous_2)
FN:26,(anonymous_3)
FN:32,(anonymous_4)
FN:36,(anonymous_5)
FN:42,(anonymous_6)
FN:48,(anonymous_7)
FN:55,(anonymous_8)
FNF:9
FNH:4
FNDA:1,(anonymous_0)
FNDA:1,(anonymous_1)
FNDA:0,(anonymous_2)
FNDA:1,(anonymous_3)
FNDA:0,(anonymous_4)
FNDA:0,(anonymous_5)
FNDA:0,(anonymous_6)
FNDA:1,(anonymous_7)
FNDA:0,(anonymous_8)
DA:7,1
DA:8,1
DA:13,1
DA:14,1
DA:15,1
DA:19,1
DA:23,0
DA:27,1
DA:33,0
DA:36,1
DA:37,0
DA:42,1
DA:43,0
DA:49,1
DA:56,0
LF:15
LH:10
BRF:0
BRH:0
end_of_record
TN:
SF:client/src/components/ModalOne.jsx
FN:6,(anonymous_0)
FN:9,(anonymous_1)
FN:28,(anonymous_2)
FNF:3
FNH:1
FNDA:0,(anonymous_0)
FNDA:1,(anonymous_1)
FNDA:0,(anonymous_2)
DA:6,1
DA:7,0
DA:10,1
DA:11,1
DA:13,0
DA:29,0
LF:6
LH:3
BRDA:7,0,0,0
BRDA:7,0,1,0
BRDA:10,1,0,1
BRDA:10,1,1,0
BRF:4
BRH:1
end_of_record
TN:
SF:client/src/components/Recoms.jsx
FN:3,(anonymous_0)
FNF:1
FNH:0
FNDA:0,(anonymous_0)
DA:3,1
DA:4,0
LF:2
LH:1
BRF:0
BRH:0
end_of_record
