TN:
SF:client/src/components/App.jsx
FN:6,(anonymous_0)
FN:19,(anonymous_1)
FN:23,(anonymous_2)
FN:27,(anonymous_3)
FN:33,(anonymous_4)
FN:37,(anonymous_5)
FN:43,(anonymous_6)
FN:49,(anonymous_7)
FN:58,(anonymous_8)
FN:65,(anonymous_9)
FN:71,(anonymous_10)
FNF:11
FNH:4
FNDA:3,(anonymous_0)
FNDA:3,(anonymous_1)
FNDA:0,(anonymous_2)
FNDA:3,(anonymous_3)
FNDA:0,(anonymous_4)
FNDA:0,(anonymous_5)
FNDA:0,(anonymous_6)
FNDA:0,(anonymous_7)
FNDA:3,(anonymous_8)
FNDA:0,(anonymous_9)
FNDA:0,(anonymous_10)
DA:7,3
DA:8,3
DA:13,3
DA:14,3
DA:15,3
DA:16,3
DA:20,3
DA:24,0
DA:28,3
DA:34,0
DA:37,3
DA:38,0
DA:43,3
DA:44,0
DA:50,0
DA:51,0
DA:52,0
DA:59,3
DA:60,3
DA:65,0
DA:72,0
LF:21
LH:12
BRF:0
BRH:0
end_of_record
TN:
SF:client/src/components/ModalOne.jsx
FN:6,(anonymous_0)
FN:9,(anonymous_1)
FN:28,(anonymous_2)
FNF:3
FNH:1
FNDA:0,(anonymous_0)
FNDA:2,(anonymous_1)
FNDA:0,(anonymous_2)
DA:6,2
DA:7,0
DA:10,2
DA:11,2
DA:13,0
DA:29,0
LF:6
LH:3
BRDA:7,0,0,0
BRDA:7,0,1,0
BRDA:10,1,0,2
BRDA:10,1,1,0
BRF:4
BRH:1
end_of_record
TN:
SF:client/src/components/Recoms.jsx
FN:3,(anonymous_0)
FNF:1
FNH:0
FNDA:0,(anonymous_0)
DA:3,2
DA:4,0
LF:2
LH:1
BRF:0
BRH:0
end_of_record
